# JRE version: OpenJDK Runtime Environment (8.0_151-b12) (build 1.8.0_151-8u151-b12-0ubuntu0.16.04.2-b12)
# Java VM: OpenJDK 64-Bit Server VM (25.151-b12 mixed mode linux-amd64 compressed oops)
Heap:
 garbage-first heap   total 545792K, used 295593K [0x00000000c0000000, 0x00000000c01010a8, 0x0000000100000000)
  region size 1024K, 61 young (62464K), 5 survivors (5120K)
 Metaspace       used 136666K, capacity 149280K, committed 149572K, reserved 1177600K
  class space    used 18127K, capacity 21594K, committed 21632K, reserved 1048576K
GC Heap History (10 events):
Event: 93214,229 GC heap before
{Heap before GC invocations=133 (full 0):
 garbage-first heap   total 545792K, used 257081K [0x00000000c0000000, 0x00000000c01010a8, 0x0000000100000000)
  region size 1024K, 26 young (26624K), 3 survivors (3072K)
 Metaspace       used 136435K, capacity 149018K, committed 149060K, reserved 1177600K
  class space    used 18112K, capacity 21593K, committed 21632K, reserved 1048576K
Event: 93214,275 GC heap after
Heap after GC invocations=134 (full 0):
 garbage-first heap   total 545792K, used 235725K [0x00000000c0000000, 0x00000000c01010a8, 0x0000000100000000)
  region size 1024K, 4 young (4096K), 4 survivors (4096K)
 Metaspace       used 136435K, capacity 149018K, committed 149060K, reserved 1177600K
  class space    used 18112K, capacity 21593K, committed 21632K, reserved 1048576K
}
Event: 93215,954 GC heap before
{Heap before GC invocations=134 (full 0):
 garbage-first heap   total 545792K, used 258253K [0x00000000c0000000, 0x00000000c01010a8, 0x0000000100000000)
  region size 1024K, 26 young (26624K), 4 survivors (4096K)
 Metaspace       used 136435K, capacity 149018K, committed 149060K, reserved 1177600K
  class space    used 18112K, capacity 21593K, committed 21632K, reserved 1048576K
Event: 93216,042 GC heap after
Heap after GC invocations=135 (full 0):
 garbage-first heap   total 545792K, used 236713K [0x00000000c0000000, 0x00000000c01010a8, 0x0000000100000000)
  region size 1024K, 3 young (3072K), 3 survivors (3072K)
 Metaspace       used 136435K, capacity 149018K, committed 149060K, reserved 1177600K
  class space    used 18112K, capacity 21593K, committed 21632K, reserved 1048576K
}
Event: 93232,763 GC heap before
{Heap before GC invocations=135 (full 0):
 garbage-first heap   total 545792K, used 375977K [0x00000000c0000000, 0x00000000c01010a8, 0x0000000100000000)
  region size 1024K, 139 young (142336K), 3 survivors (3072K)
 Metaspace       used 136456K, capacity 149018K, committed 149060K, reserved 1177600K
  class space    used 18113K, capacity 21593K, committed 21632K, reserved 1048576K
Event: 93232,832 GC heap after
Heap after GC invocations=136 (full 0):
 garbage-first heap   total 545792K, used 237582K [0x00000000c0000000, 0x00000000c01010a8, 0x0000000100000000)
  region size 1024K, 4 young (4096K), 4 survivors (4096K)
 Metaspace       used 136456K, capacity 149018K, committed 149060K, reserved 1177600K
  class space    used 18113K, capacity 21593K, committed 21632K, reserved 1048576K
}
Event: 94093,842 GC heap before
{Heap before GC invocations=136 (full 0):
 garbage-first heap   total 545792K, used 483342K [0x00000000c0000000, 0x00000000c01010a8, 0x0000000100000000)
  region size 1024K, 244 young (249856K), 4 survivors (4096K)
 Metaspace       used 136637K, capacity 149280K, committed 149572K, reserved 1177600K
  class space    used 18125K, capacity 21594K, committed 21632K, reserved 1048576K
Event: 94093,879 GC heap after
Heap after GC invocations=137 (full 0):
 garbage-first heap   total 545792K, used 239815K [0x00000000c0000000, 0x00000000c01010a8, 0x0000000100000000)
  region size 1024K, 6 young (6144K), 6 survivors (6144K)
 Metaspace       used 136637K, capacity 149280K, committed 149572K, reserved 1177600K
  class space    used 18125K, capacity 21594K, committed 21632K, reserved 1048576K
}
Event: 94211,601 GC heap before
{Heap before GC invocations=137 (full 0):
 garbage-first heap   total 545792K, used 481479K [0x00000000c0000000, 0x00000000c01010a8, 0x0000000100000000)
  region size 1024K, 242 young (247808K), 6 survivors (6144K)
 Metaspace       used 136646K, capacity 149280K, committed 149572K, reserved 1177600K
  class space    used 18125K, capacity 21594K, committed 21632K, reserved 1048576K
Event: 94211,648 GC heap after
Heap after GC invocations=138 (full 0):
 garbage-first heap   total 545792K, used 239273K [0x00000000c0000000, 0x00000000c01010a8, 0x0000000100000000)
  region size 1024K, 5 young (5120K), 5 survivors (5120K)
 Metaspace       used 136646K, capacity 149280K, committed 149572K, reserved 1177600K
  class space    used 18125K, capacity 21594K, committed 21632K, reserved 1048576K
}

